Using pre-set license
Built from '2020.2/release' branch; Version is '2020.2.2f1 (068178b99f32) revision 426360'; Using compiler version '192528614'; Build Type 'Release'
OS: 'Windows 10 Home; OS build 19042.1288; Version 2009; 64bit' Language: 'en' Physical Memory: 12208 MB
BatchMode: 1, IsHumanControllingUs: 0, StartBugReporterOnCrash: 0, Is64bit: 1, IsPro: 0

 COMMAND LINE ARGUMENTS:
C:\Users\Josh\Documents\Unity\Editors\2020.2.2f1\Editor\Unity.exe
-adb2
-batchMode
-noUpm
-name
AssetImportWorker0
-projectPath
E:/UnityProject/GitHubFiles/TTNT
-logFile
Logs/AssetImportWorker0.log
-srvPort
56963
Successfully changed project path to: E:/UnityProject/GitHubFiles/TTNT
E:/UnityProject/GitHubFiles/TTNT
Using Asset Import Pipeline V2.
Refreshing native plugins compatible for Editor in 829.40 ms, found 0 plugins.
Preloading 0 native plugins for Editor in 0.00 ms.
Initialize engine version: 2020.2.2f1 (068178b99f32)
[Subsystems] Discovering subsystems at path C:/Users/Josh/Documents/Unity/Editors/2020.2.2f1/Editor/Data/Resources/UnitySubsystems
[Subsystems] Discovering subsystems at path E:/UnityProject/GitHubFiles/TTNT/Assets
GfxDevice: creating device client; threaded=0
Direct3D:
    Version:  Direct3D 11.0 [level 11.1]
    Renderer: NVIDIA GeForce GTX 1060 6GB (ID=0x1c03)
    Vendor:   
    VRAM:     6052 MB
    Driver:   27.21.14.6192
Shader 'Universal Render Pipeline/Particles/Lit': fallback shader 'Universal Render Pipeline/Particles/SimpleLit' not found
Initialize mono
Mono path[0] = 'C:/Users/Josh/Documents/Unity/Editors/2020.2.2f1/Editor/Data/Managed'
Mono path[1] = 'C:/Users/Josh/Documents/Unity/Editors/2020.2.2f1/Editor/Data/MonoBleedingEdge/lib/mono/unityjit'
Mono config path = 'C:/Users/Josh/Documents/Unity/Editors/2020.2.2f1/Editor/Data/MonoBleedingEdge/etc'
Using monoOptions --debugger-agent=transport=dt_socket,embedding=1,server=y,suspend=n,address=127.0.0.1:56332
Begin MonoManager ReloadAssembly
Registering precompiled unity dll's ...
Register platform support module: C:/Users/Josh/Documents/Unity/Editors/2020.2.2f1/Editor/Data/PlaybackEngines/WebGLSupport/UnityEditor.WebGL.Extensions.dll
Register platform support module: C:/Users/Josh/Documents/Unity/Editors/2020.2.2f1/Editor/Data/PlaybackEngines/WindowsStandaloneSupport/UnityEditor.WindowsStandalone.Extensions.dll
Registered in 0.004826 seconds.
Native extension for WindowsStandalone target not found
Native extension for WebGL target not found
Refreshing native plugins compatible for Editor in 156.09 ms, found 0 plugins.
Preloading 0 native plugins for Editor in 0.00 ms.
Invoked RoslynAnalysisRunner static constructor.
RoslynAnalysisRunner will not be running.
RoslynAnalysisRunner has terminated.
Mono: successfully reloaded assembly
- Completed reload, in  7.965 seconds
Platform modules already initialized, skipping
Registering precompiled user dll's ...
Registered in 0.011221 seconds.
Begin MonoManager ReloadAssembly
Native extension for WindowsStandalone target not found
Native extension for WebGL target not found
Refreshing native plugins compatible for Editor in 368.16 ms, found 0 plugins.
Preloading 0 native plugins for Editor in 0.00 ms.
Invoked RoslynAnalysisRunner static constructor.
RoslynAnalysisRunner will not be running.
RoslynAnalysisRunner has terminated.
Mono: successfully reloaded assembly
- Completed reload, in  4.167 seconds
Platform modules already initialized, skipping
========================================================================
Worker process is ready to serve import requests
Shader 'Universal Render Pipeline/Particles/Lit': fallback shader 'Universal Render Pipeline/Particles/SimpleLit' not found
Launched and connected shader compiler UnityShaderCompiler.exe after 0.13 seconds
Refreshing native plugins compatible for Editor in 0.70 ms, found 0 plugins.
Preloading 0 native plugins for Editor in 0.00 ms.
Unloading 3099 Unused Serialized files (Serialized files now loaded: 0)
System memory in use before: 140.9 MB.
System memory in use after: 141.1 MB.

Unloading 97 unused Assets to reduce memory usage. Loaded Objects now: 3533.
Total: 10.404600 ms (FindLiveObjects: 0.619800 ms CreateObjectMapping: 1.381800 ms MarkObjects: 8.169800 ms  DeleteObjects: 0.231000 ms)

========================================================================
Received Import Request.
  path: Assets/TTNT/Art/Materials/Shaders/Pickup.shadergraph
  artifactKey: Guid(6fcef0954662e4b4f9f4cd8a899310da) Importer(815301076,1909f56bfc062723c751e8b465ee728b)
Start importing Assets/TTNT/Art/Materials/Shaders/Pickup.shadergraph using Guid(6fcef0954662e4b4f9f4cd8a899310da) Importer(815301076,1909f56bfc062723c751e8b465ee728b)  -> (artifact id: 'beaf9243e0a11811b120a63e5116ae61') in 0.153473 seconds
  Import took 0.182573 seconds .

========================================================================
Received Import Request.
  Time since last request: 152.541165 seconds.
  path: Assets/TTNT/Art/Models/fps-arms/textures/curv.png
  artifactKey: Guid(a75842e9805b0214d91c9b40ff10b66a) Importer(815301076,1909f56bfc062723c751e8b465ee728b)
Start importing Assets/TTNT/Art/Models/fps-arms/textures/curv.png using Guid(a75842e9805b0214d91c9b40ff10b66a) Importer(815301076,1909f56bfc062723c751e8b465ee728b)  -> (artifact id: '4f7cb91dbe5be2a1d8c0125010eacbca') in 0.364928 seconds
  Import took 0.383637 seconds .

========================================================================
Received Import Request.
  Time since last request: 0.000244 seconds.
  path: Assets/TTNT/Art/Models/Weapons and Items/Handgun/Handgun_lambert1_Normal.png
  artifactKey: Guid(a839ceb24772a2d48aac115232997ce5) Importer(815301076,1909f56bfc062723c751e8b465ee728b)
Start importing Assets/TTNT/Art/Models/Weapons and Items/Handgun/Handgun_lambert1_Normal.png using Guid(a839ceb24772a2d48aac115232997ce5) Importer(815301076,1909f56bfc062723c751e8b465ee728b)  -> (artifact id: 'a8b65d44594c6bad2817dd1c8b9a14f1') in 0.143900 seconds
  Import took 0.157421 seconds .

========================================================================
Received Import Request.
  Time since last request: 0.000069 seconds.
  path: Assets/TTNT/Art/Sprites/MainStats.png
  artifactKey: Guid(d444d9c08e8bc9548a45110f9e96149d) Importer(815301076,1909f56bfc062723c751e8b465ee728b)
Start importing Assets/TTNT/Art/Sprites/MainStats.png using Guid(d444d9c08e8bc9548a45110f9e96149d) Importer(815301076,1909f56bfc062723c751e8b465ee728b)  -> (artifact id: '41ac221777a66ca3a20878eef9aefb48') in 0.107220 seconds
  Import took 0.114237 seconds .

========================================================================
Received Import Request.
  Time since last request: 0.000263 seconds.
  path: Assets/Mirror/Examples/Pong/Sprites/DottedLine.png
  artifactKey: Guid(1b5c0b514d8b2d24091d5aec516fe860) Importer(815301076,1909f56bfc062723c751e8b465ee728b)
Start importing Assets/Mirror/Examples/Pong/Sprites/DottedLine.png using Guid(1b5c0b514d8b2d24091d5aec516fe860) Importer(815301076,1909f56bfc062723c751e8b465ee728b)  -> (artifact id: '1dc7f1c737f5dc51e79c0e4a0fa85b4f') in 0.026950 seconds
  Import took 0.035384 seconds .

========================================================================
Received Import Request.
  Time since last request: 0.000285 seconds.
  path: Assets/Mirror/Examples/Pong/Sprites/Racket.png
  artifactKey: Guid(619ccff3ba2f2a04f9ddd19c264a1ecd) Importer(815301076,1909f56bfc062723c751e8b465ee728b)
Start importing Assets/Mirror/Examples/Pong/Sprites/Racket.png using Guid(619ccff3ba2f2a04f9ddd19c264a1ecd) Importer(815301076,1909f56bfc062723c751e8b465ee728b)  -> (artifact id: '5439306aaa5a48ed38e818a33e3d2db5') in 0.045140 seconds
  Import took 0.053488 seconds .

========================================================================
Received Import Request.
  Time since last request: 0.000295 seconds.
  path: Assets/Mirror/Examples/Tanks/Models/(Public Domain) Recon_Tank/Emissive.png
  artifactKey: Guid(9b3e91ab0048a4aa3a17706a349c6bf5) Importer(815301076,1909f56bfc062723c751e8b465ee728b)
Start importing Assets/Mirror/Examples/Tanks/Models/(Public Domain) Recon_Tank/Emissive.png using Guid(9b3e91ab0048a4aa3a17706a349c6bf5) Importer(815301076,1909f56bfc062723c751e8b465ee728b)  -> (artifact id: 'a693ff20b414fd3a8e14ccd7a022b4ad') in 0.025576 seconds
  Import took 0.035575 seconds .

========================================================================
Received Import Request.
  Time since last request: 0.000423 seconds.
  path: Assets/Mirror/Examples/Tanks/Textures/(Public Domain) Dirt Hand Painted Texture/dirt.png
  artifactKey: Guid(bcc8fc05f1f924531a65f39394c0b703) Importer(815301076,1909f56bfc062723c751e8b465ee728b)
Start importing Assets/Mirror/Examples/Tanks/Textures/(Public Domain) Dirt Hand Painted Texture/dirt.png using Guid(bcc8fc05f1f924531a65f39394c0b703) Importer(815301076,1909f56bfc062723c751e8b465ee728b)  -> (artifact id: 'f133f598d858a6f09b3e1536b9fafd9e') in 0.025618 seconds
  Import took 0.032571 seconds .

========================================================================
Received Import Request.
  Time since last request: 0.000288 seconds.
  path: Assets/TTNT/Art/Sprites/Health.png
  artifactKey: Guid(d50aca183e3efff4e92965b22fa39188) Importer(815301076,1909f56bfc062723c751e8b465ee728b)
Start importing Assets/TTNT/Art/Sprites/Health.png using Guid(d50aca183e3efff4e92965b22fa39188) Importer(815301076,1909f56bfc062723c751e8b465ee728b)  -> (artifact id: 'd238d7a15b426c2bdc74ca4029cfa800') in 0.057225 seconds
  Import took 0.082506 seconds .

========================================================================
Received Import Request.
  Time since last request: 0.000227 seconds.
  path: Assets/TextMesh Pro/Sprites/EmojiOne.png
  artifactKey: Guid(dffef66376be4fa480fb02b19edbe903) Importer(815301076,1909f56bfc062723c751e8b465ee728b)
Start importing Assets/TextMesh Pro/Sprites/EmojiOne.png using Guid(dffef66376be4fa480fb02b19edbe903) Importer(815301076,1909f56bfc062723c751e8b465ee728b)  -> (artifact id: 'afacdb8ace592a000857ed1b177dc6a6') in 0.032402 seconds
  Import took 0.047712 seconds .

========================================================================
Received Import Request.
  Time since last request: 0.000227 seconds.
  path: Assets/TTNT/Art/Sprites/D.png
  artifactKey: Guid(851482af2639a72409c7802eb5868443) Importer(815301076,1909f56bfc062723c751e8b465ee728b)
Start importing Assets/TTNT/Art/Sprites/D.png using Guid(851482af2639a72409c7802eb5868443) Importer(815301076,1909f56bfc062723c751e8b465ee728b)  -> (artifact id: '23ac587d892afb4e5cbe4189c086ab43') in 0.032795 seconds
  Import took 0.039435 seconds .

========================================================================
Received Import Request.
  Time since last request: 0.000252 seconds.
  path: Assets/TTNT/Art/Sprites/I.png
  artifactKey: Guid(34c575131c41c93438f0c4823f03fc9f) Importer(815301076,1909f56bfc062723c751e8b465ee728b)
Start importing Assets/TTNT/Art/Sprites/I.png using Guid(34c575131c41c93438f0c4823f03fc9f) Importer(815301076,1909f56bfc062723c751e8b465ee728b)  -> (artifact id: 'f3027c2b661623bff5b68a3156df4c18') in 0.049996 seconds
  Import took 0.061760 seconds .

========================================================================
Received Import Request.
  Time since last request: 0.000247 seconds.
  path: Assets/Mirror/Examples/Tanks/Models/(Public Domain) Recon_Tank/Metallic.png
  artifactKey: Guid(a7467e18a834e4d1390091c8b1ea562c) Importer(815301076,1909f56bfc062723c751e8b465ee728b)
Start importing Assets/Mirror/Examples/Tanks/Models/(Public Domain) Recon_Tank/Metallic.png using Guid(a7467e18a834e4d1390091c8b1ea562c) Importer(815301076,1909f56bfc062723c751e8b465ee728b)  -> (artifact id: 'f1a94ed839702ea9239275b513df7130') in 0.024109 seconds
  Import took 0.033615 seconds .

========================================================================
Received Import Request.
  Time since last request: 0.000415 seconds.
  path: Assets/TTNT/Art/Models/Weapons and Items/Handgun/Handgun_lambert1_AlbedoTransparency.png
  artifactKey: Guid(66e3146204e8a0b42a83bdc9bf3f48a7) Importer(815301076,1909f56bfc062723c751e8b465ee728b)
Start importing Assets/TTNT/Art/Models/Weapons and Items/Handgun/Handgun_lambert1_AlbedoTransparency.png using Guid(66e3146204e8a0b42a83bdc9bf3f48a7) Importer(815301076,1909f56bfc062723c751e8b465ee728b)  -> (artifact id: 'a52ea5a80db30248a8e264d1078dfe4f') in 0.023486 seconds
  Import took 0.032942 seconds .

========================================================================
Received Import Request.
  Time since last request: 0.000236 seconds.
  path: Assets/TTNT/Art/Models/Weapons and Items/Handgun/Handgun_lambert1_MetallicSmoothness.png
  artifactKey: Guid(98b9beb0c92cc224c82edb7a9fb991b4) Importer(815301076,1909f56bfc062723c751e8b465ee728b)
Start importing Assets/TTNT/Art/Models/Weapons and Items/Handgun/Handgun_lambert1_MetallicSmoothness.png using Guid(98b9beb0c92cc224c82edb7a9fb991b4) Importer(815301076,1909f56bfc062723c751e8b465ee728b)  -> (artifact id: '301c9a24920fe0415584cb80ad50310c') in 0.030785 seconds
  Import took 0.039710 seconds .

========================================================================
Received Import Request.
  Time since last request: 0.000280 seconds.
  path: Assets/Mirror/Icon/MirrorIcon.png
  artifactKey: Guid(7453abfe9e8b2c04a8a47eb536fe21eb) Importer(815301076,1909f56bfc062723c751e8b465ee728b)
Start importing Assets/Mirror/Icon/MirrorIcon.png using Guid(7453abfe9e8b2c04a8a47eb536fe21eb) Importer(815301076,1909f56bfc062723c751e8b465ee728b)  -> (artifact id: '8a8cb73d00c6e2bd44aac11a4e2f2afe') in 0.052407 seconds
  Import took 0.061673 seconds .

========================================================================
Received Import Request.
  Time since last request: 0.000234 seconds.
  path: Assets/TTNT/Art/ui shiz/hitmarker.png
  artifactKey: Guid(fddaf2f69f894494b812543186bf8609) Importer(815301076,1909f56bfc062723c751e8b465ee728b)
Start importing Assets/TTNT/Art/ui shiz/hitmarker.png using Guid(fddaf2f69f894494b812543186bf8609) Importer(815301076,1909f56bfc062723c751e8b465ee728b)  -> (artifact id: '42445028fc949cad997b39834b028ace') in 0.063298 seconds
  Import took 0.072131 seconds .

========================================================================
Received Import Request.
  Time since last request: 0.000221 seconds.
  path: Assets/Mirror/Examples/Tanks/Models/(Public Domain) Recon_Tank/Normal.png
  artifactKey: Guid(2617bfecca4d44805a3a51a7aa215d7c) Importer(815301076,1909f56bfc062723c751e8b465ee728b)
Start importing Assets/Mirror/Examples/Tanks/Models/(Public Domain) Recon_Tank/Normal.png using Guid(2617bfecca4d44805a3a51a7aa215d7c) Importer(815301076,1909f56bfc062723c751e8b465ee728b)  -> (artifact id: 'db6fbc797aa60f7d6859070a610a9beb') in 0.031013 seconds
  Import took 0.037652 seconds .

========================================================================
Received Import Request.
  Time since last request: 320.812775 seconds.
  path: Assets/TTNT/Art/Materials/Shaders/Pickup.shadergraph
  artifactKey: Guid(6fcef0954662e4b4f9f4cd8a899310da) Importer(815301076,1909f56bfc062723c751e8b465ee728b)
Start importing Assets/TTNT/Art/Materials/Shaders/Pickup.shadergraph using Guid(6fcef0954662e4b4f9f4cd8a899310da) Importer(815301076,1909f56bfc062723c751e8b465ee728b)  -> (artifact id: '9f7b6a226c407c1240425bb3b1ae7a47') in 0.004784 seconds
  Import took 0.011898 seconds .

========================================================================
Received Import Request.
  Time since last request: 953.527766 seconds.
  path: Assets/TTNT/Art/Models/fps-arms/textures/ao.png
  artifactKey: Guid(bc96e95db0f4f1e4ca064773d98f1414) Importer(815301076,1909f56bfc062723c751e8b465ee728b)
Start importing Assets/TTNT/Art/Models/fps-arms/textures/ao.png using Guid(bc96e95db0f4f1e4ca064773d98f1414) Importer(815301076,1909f56bfc062723c751e8b465ee728b)  -> (artifact id: '421647cbadb6921b33b02d4f4680e06d') in 0.021114 seconds
  Import took 0.028532 seconds .

========================================================================
Received Import Request.
  Time since last request: 0.041404 seconds.
  path: Assets/TTNT/Art/Models/fps-arms/textures/ao.png
  artifactKey: Guid(bc96e95db0f4f1e4ca064773d98f1414) Importer(815301076,1909f56bfc062723c751e8b465ee728b)
Start importing Assets/TTNT/Art/Models/fps-arms/textures/ao.png using Guid(bc96e95db0f4f1e4ca064773d98f1414) Importer(815301076,1909f56bfc062723c751e8b465ee728b)  -> (artifact id: '421647cbadb6921b33b02d4f4680e06d') in 0.019770 seconds
  Import took 0.031696 seconds .

========================================================================
Received Import Request.
  Time since last request: 43.949476 seconds.
  path: Assets/TTNT/Art/Sprites/Ammo.png
  artifactKey: Guid(417c15b13c3d0a84b9cb7b5d2ec3133f) Importer(815301076,1909f56bfc062723c751e8b465ee728b)
Start importing Assets/TTNT/Art/Sprites/Ammo.png using Guid(417c15b13c3d0a84b9cb7b5d2ec3133f) Importer(815301076,1909f56bfc062723c751e8b465ee728b)  -> (artifact id: 'c6100b58c8da6362292fba6da40eef56') in 0.029275 seconds
  Import took 0.035249 seconds .

========================================================================
Received Import Request.
  Time since last request: 0.000317 seconds.
  path: Assets/Mirror/Examples/Tanks/Models/(Public Domain) Recon_Tank/BaseColor.png
  artifactKey: Guid(ce00d67f9368944fa8ef4de6ccc77bfa) Importer(815301076,1909f56bfc062723c751e8b465ee728b)
Start importing Assets/Mirror/Examples/Tanks/Models/(Public Domain) Recon_Tank/BaseColor.png using Guid(ce00d67f9368944fa8ef4de6ccc77bfa) Importer(815301076,1909f56bfc062723c751e8b465ee728b)  -> (artifact id: 'a7c8bdd683431261c7177f6990f8727c') in 0.026224 seconds
  Import took 0.034818 seconds .

========================================================================
Received Import Request.
  Time since last request: 0.000394 seconds.
  path: Assets/TTNT/Art/Models/fps-arms/textures/arm1Normal.png
  artifactKey: Guid(63edc454f1928a94b94e2ad7a66ad5d1) Importer(815301076,1909f56bfc062723c751e8b465ee728b)
Start importing Assets/TTNT/Art/Models/fps-arms/textures/arm1Normal.png using Guid(63edc454f1928a94b94e2ad7a66ad5d1) Importer(815301076,1909f56bfc062723c751e8b465ee728b)  -> (artifact id: '0c6ab39998b922a20a6a65947f68da06') in 0.023192 seconds
  Import took 0.033441 seconds .

========================================================================
Received Import Request.
  Time since last request: 0.000240 seconds.
  path: Assets/TTNT/Art/Models/fps-arms/textures/arm1Specular.png
  artifactKey: Guid(5550b46694a59434eb5ece4df04d85d4) Importer(815301076,1909f56bfc062723c751e8b465ee728b)
Start importing Assets/TTNT/Art/Models/fps-arms/textures/arm1Specular.png using Guid(5550b46694a59434eb5ece4df04d85d4) Importer(815301076,1909f56bfc062723c751e8b465ee728b)  -> (artifact id: '1d96ecbd9e886865521ff5d5950bb93e') in 0.028380 seconds
  Import took 0.038385 seconds .

========================================================================
Received Import Request.
  Time since last request: 0.000239 seconds.
  path: Assets/TTNT/Art/Sprites/Ammo.png
  artifactKey: Guid(417c15b13c3d0a84b9cb7b5d2ec3133f) Importer(815301076,1909f56bfc062723c751e8b465ee728b)
Start importing Assets/TTNT/Art/Sprites/Ammo.png using Guid(417c15b13c3d0a84b9cb7b5d2ec3133f) Importer(815301076,1909f56bfc062723c751e8b465ee728b)  -> (artifact id: 'c6100b58c8da6362292fba6da40eef56') in 0.012487 seconds
  Import took 0.019610 seconds .

========================================================================
Received Import Request.
  Time since last request: 0.000075 seconds.
  path: Assets/Mirror/Examples/Pong/Sprites/Ball.png
  artifactKey: Guid(4b66f21097323d44ab40669b2fb9c53d) Importer(815301076,1909f56bfc062723c751e8b465ee728b)
Start importing Assets/Mirror/Examples/Pong/Sprites/Ball.png using Guid(4b66f21097323d44ab40669b2fb9c53d) Importer(815301076,1909f56bfc062723c751e8b465ee728b)  -> (artifact id: '80a20fd716f9e437fb2f55782e3d1a38') in 0.022090 seconds
  Import took 0.028092 seconds .

========================================================================
Received Import Request.
  Time since last request: 0.000275 seconds.
  path: Assets/TTNT/Art/Sprites/clockart.png
  artifactKey: Guid(c33ac610c1142a9489e523a88aa0dd09) Importer(815301076,1909f56bfc062723c751e8b465ee728b)
Start importing Assets/TTNT/Art/Sprites/clockart.png using Guid(c33ac610c1142a9489e523a88aa0dd09) Importer(815301076,1909f56bfc062723c751e8b465ee728b)  -> (artifact id: '7f8bfbd373d1245c0cbed4eb497cb541') in 0.022309 seconds
  Import took 0.032562 seconds .

========================================================================
Received Import Request.
  Time since last request: 0.000236 seconds.
  path: Assets/TTNT/Art/Models/fps-arms/textures/arm1Color.png
  artifactKey: Guid(d9eeda2c2e222184b902b5653aa8d85f) Importer(815301076,1909f56bfc062723c751e8b465ee728b)
Start importing Assets/TTNT/Art/Models/fps-arms/textures/arm1Color.png using Guid(d9eeda2c2e222184b902b5653aa8d85f) Importer(815301076,1909f56bfc062723c751e8b465ee728b)  -> (artifact id: '9d75de9e5564a9a651d8eed7263f8f68') in 0.032041 seconds
  Import took 0.040578 seconds .

========================================================================
Received Import Request.
  Time since last request: 83.701786 seconds.
  path: Assets/TTNT/Art/Sprites/Rectangle 2.png
  artifactKey: Guid(deb1cf15e2acb7e4cb5aa961e37bbe1e) Importer(815301076,1909f56bfc062723c751e8b465ee728b)
Start importing Assets/TTNT/Art/Sprites/Rectangle 2.png using Guid(deb1cf15e2acb7e4cb5aa961e37bbe1e) Importer(815301076,1909f56bfc062723c751e8b465ee728b)  -> (artifact id: 'cd79528301fef67083598feea594cef3') in 0.022536 seconds
  Import took 0.029344 seconds .

========================================================================
Received Import Request.
  Time since last request: 0.000248 seconds.
  path: Assets/TTNT/Art/Models/Weapons and Items/rifle/riflePrototypeTex_lambert1_MetallicSmoothness.tga
  artifactKey: Guid(9c1abdaabda0f4f4f8fdee51d8af0939) Importer(815301076,1909f56bfc062723c751e8b465ee728b)
Start importing Assets/TTNT/Art/Models/Weapons and Items/rifle/riflePrototypeTex_lambert1_MetallicSmoothness.tga using Guid(9c1abdaabda0f4f4f8fdee51d8af0939) Importer(815301076,1909f56bfc062723c751e8b465ee728b)  -> (artifact id: 'd28e85c3f9454811d949fae18ce7ed4b') in 0.038523 seconds
  Import took 0.045727 seconds .

========================================================================
Received Import Request.
  Time since last request: 0.000252 seconds.
  path: Assets/TTNT/Art/Models/Weapons and Items/rifle/riflePrototypeTex_lambert1_AlbedoTransparency.tga
  artifactKey: Guid(21d95878e86233247a608d081c555f9c) Importer(815301076,1909f56bfc062723c751e8b465ee728b)
Start importing Assets/TTNT/Art/Models/Weapons and Items/rifle/riflePrototypeTex_lambert1_AlbedoTransparency.tga using Guid(21d95878e86233247a608d081c555f9c) Importer(815301076,1909f56bfc062723c751e8b465ee728b)  -> (artifact id: 'cfdbd0fb6aa420ebb9b2f19ad5ed59e4') in 0.030927 seconds
  Import took 0.037914 seconds .

========================================================================
Received Import Request.
  Time since last request: 0.000304 seconds.
  path: Assets/TTNT/Art/Sprites/SpawnPoint.png
  artifactKey: Guid(9d48d1198182e3a418dbb7012e052b5f) Importer(815301076,1909f56bfc062723c751e8b465ee728b)
Start importing Assets/TTNT/Art/Sprites/SpawnPoint.png using Guid(9d48d1198182e3a418dbb7012e052b5f) Importer(815301076,1909f56bfc062723c751e8b465ee728b)  -> (artifact id: '7bf2d6bb0fe7dc6d36c401bcc36e129e') in 0.025405 seconds
  Import took 0.031777 seconds .

========================================================================
Received Import Request.
  Time since last request: 0.000310 seconds.
  path: Assets/TTNT/Art/Models/Weapons and Items/rifle/riflePrototypeTex_lambert1_Normal.tga
  artifactKey: Guid(5c2119ada246d2249a05ee6805920afb) Importer(815301076,1909f56bfc062723c751e8b465ee728b)
Start importing Assets/TTNT/Art/Models/Weapons and Items/rifle/riflePrototypeTex_lambert1_Normal.tga using Guid(5c2119ada246d2249a05ee6805920afb) Importer(815301076,1909f56bfc062723c751e8b465ee728b)  -> (artifact id: '9f824af042c5828fd52538f0daf258ef') in 0.036216 seconds
  Import took 0.047392 seconds .

========================================================================
Received Import Request.
  Time since last request: 1224.722844 seconds.
  path: Assets/TTNT/Art/Models/Weapons and Items/rifle/newRiflePrototype.fbx
  artifactKey: Guid(e0e0a719553b8e84ebd69d13d9218a09) Importer(815301076,1909f56bfc062723c751e8b465ee728b)
Start importing Assets/TTNT/Art/Models/Weapons and Items/rifle/newRiflePrototype.fbx using Guid(e0e0a719553b8e84ebd69d13d9218a09) Importer(815301076,1909f56bfc062723c751e8b465ee728b)  -> (artifact id: '6aa62aed0608f2d54027452fcb9ae118') in 0.386614 seconds
  Import took 0.396978 seconds .

========================================================================
Received Import Request.
  Time since last request: 0.000224 seconds.
  path: Assets/TTNT/Prefabs/Fence.obj
  artifactKey: Guid(9c92ab811e0986942a4e7d744d58bc48) Importer(815301076,1909f56bfc062723c751e8b465ee728b)
Start importing Assets/TTNT/Prefabs/Fence.obj using Guid(9c92ab811e0986942a4e7d744d58bc48) Importer(815301076,1909f56bfc062723c751e8b465ee728b)  -> (artifact id: '127db17b624893521e34cdf76dc3aa41') in 0.070690 seconds
  Import took 0.079099 seconds .

========================================================================
Received Import Request.
  Time since last request: 0.000210 seconds.
  path: Assets/TTNT/Art/Models/Weapons and Items/Handgun/Handgun.fbx
  artifactKey: Guid(c205b1ca0f01cf94a9cd0c966523406b) Importer(815301076,1909f56bfc062723c751e8b465ee728b)
Start importing Assets/TTNT/Art/Models/Weapons and Items/Handgun/Handgun.fbx using Guid(c205b1ca0f01cf94a9cd0c966523406b) Importer(815301076,1909f56bfc062723c751e8b465ee728b)  -> (artifact id: 'f17e011b7db98179f3c52c5f63c306e6') in 0.058275 seconds
  Import took 0.069620 seconds .

========================================================================
Received Import Request.
  Time since last request: 0.000313 seconds.
  path: Assets/Mirror/Examples/Tanks/Models/(Public Domain) Recon_Tank/reconTank.fbx
  artifactKey: Guid(38b49695fc0a4418bbc350f2366660c5) Importer(815301076,1909f56bfc062723c751e8b465ee728b)
Start importing Assets/Mirror/Examples/Tanks/Models/(Public Domain) Recon_Tank/reconTank.fbx using Guid(38b49695fc0a4418bbc350f2366660c5) Importer(815301076,1909f56bfc062723c751e8b465ee728b)  -> (artifact id: 'dc921233ee564968d23ec61eb179511c') in 0.059101 seconds
  Import took 0.065242 seconds .

========================================================================
Received Import Request.
  Time since last request: 0.000225 seconds.
  path: Assets/PrototypeCharacter/Animated.fbx
  artifactKey: Guid(1d0aa2373991aa340a995af02f1e0288) Importer(815301076,1909f56bfc062723c751e8b465ee728b)
Start importing Assets/PrototypeCharacter/Animated.fbx using Guid(1d0aa2373991aa340a995af02f1e0288) Importer(815301076,1909f56bfc062723c751e8b465ee728b)  -> (artifact id: 'fd06a9b6c78f1af2b93e99869bc61a5e') in 0.038982 seconds
  Import took 0.044686 seconds .

========================================================================
Received Import Request.
  Time since last request: 797.571157 seconds.
  path: Assets/TTNT/Prefabs/Handgun (1).prefab
  artifactKey: Guid(b2dbde10ba548fb47a3b897585d94b74) Importer(815301076,1909f56bfc062723c751e8b465ee728b)
Start importing Assets/TTNT/Prefabs/Handgun (1).prefab using Guid(b2dbde10ba548fb47a3b897585d94b74) Importer(815301076,1909f56bfc062723c751e8b465ee728b)  -> (artifact id: '8b0b0ac58d3b8583f25bea14049fab1d') in 0.049649 seconds
  Import took 0.057608 seconds .

